app/proguard-rules.pro
# HD-Check ProGuard Rules
# Keep libsu classes
-keep class com.topjohnwu.superuser.** { *; }
-keep class com.topjohnwu.superuser.io.** { *; }