app/build/outputs/mapping/release/seeds.txt
com.hdcheck.app.ui.IOMonitorFragment
com.hdcheck.app.ui.DiskHealthFragment
com.hdcheck.app.MainActivity
com.hdcheck.app.viewmodel.DiskHealthViewModel: DiskHealthViewModel()
com.hdcheck.app.viewmodel.IOMonitorViewModel: IOMonitorViewModel(android.app.Application)
com.hdcheck.app.ui.DiskHealthFragment: DiskHealthFragment()
com.hdcheck.app.viewmodel.IOMonitorViewModel$SortMode: com.hdcheck.app.viewmodel.IOMonitorViewModel$SortMode[] values()
com.hdcheck.app.viewmodel.IOMonitorViewModel$SortMode: com.hdcheck.app.viewmodel.IOMonitorViewModel$SortMode valueOf(java.lang.String)
com.hdcheck.app.ui.IOMonitorFragment: IOMonitorFragment()
com.hdcheck.app.MainActivity: MainActivity()
...
androidx.appcompat.widget.SwitchCompat: int getThumbOffset()
androidx.appcompat.widget.AppCompatTextView: android.graphics.PorterDuff$Mode getSupportCompoundDrawablesTintMode()
androidx.constraintlayout.widget.ConstraintLayout: ConstraintLayout(android.content.Context,android.util.AttributeSet)
androidx.core.view.WindowInsetsCompat$BuilderImpl: void setStableInsets(androidx.core.graphics.Insets)
com.google.android.material.chip.Chip: void setCloseIconPressed(boolean)
com.google.android.material.textfield.MaterialAutoCompleteTextView: void setOnItemSelectedListener(android.widget.AdapterView$OnItemSelectedListener)
com.topjohnwu.superuser.internal.WaitRunnable: void waitUntilDone()
androidx.core.os.LocaleListCompat$Api24Impl: android.os.LocaleList getDefault()
com.topjohnwu.superuser.internal.Utils: java.lang.Boolean isAppGrantedRoot()
androidx.appcompat.widget.AppCompatTextView: void setSupportCompoundDrawablesTintList(android.content.res.ColorStateList)
com.google.android.material.button.MaterialButton: int getInsetTop()
androidx.vectordrawable.graphics.drawable.VectorDrawableCompat$VFullPath: float getStrokeAlpha()
androidx.appcompat.widget.LinearLayoutCompat: void setBaselineAlignedChildIndex(int)
androidx.appcompat.widget.SwitchCompat: void setTrackTintList(android.content.res.ColorStateList)
androidx.appcompat.widget.ViewStubCompat: int getLayoutResource()
com.topjohnwu.superuser.internal.JobImpl: com.topjohnwu.superuser.Shell$Job add(java.lang.String[])
androidx.core.view.WindowInsetsCompat$Impl29: void setStableInsets(androidx.core.graphics.Insets)
androidx.preference.MultiSelectListPreference: MultiSelectListPreference(android.content.Context,android.util.AttributeSet)
androidx.appcompat.widget.Toolbar: java.lang.CharSequence getSubtitle()
androidx.appcompat.widget.ViewStubCompat: void setVisibility(int)
com.google.android.material.snackbar.BaseTransientBottomBar$SnackbarBaseLayout: void setBackground(android.graphics.drawable.Drawable)
androidx.appcompat.widget.Toolbar: void setSubtitle(int)
com.google.android.material.navigation.NavigationBarView: int getActiveIndicatorLabelPadding()
androidx.appcompat.widget.AppCompatCheckedTextView: android.content.res.ColorStateList getSupportCheckMarkTintList()
androidx.vectordrawable.graphics.drawable.VectorDrawableCompat$VGroup: void setPivotY(float)
androidx.appcompat.widget.SearchView: void setOnCloseListener(androidx.appcompat.widget.SearchView$OnCloseListener)
androidx.core.app.AppOpsManagerCompat$Api23Impl: java.lang.Object getSystemService(android.content.Context,java.lang.Class)
com.topjohnwu.superuser.Shell: com.topjohnwu.superuser.Shell getShell()
com.google.android.material.textfield.MaterialAutoCompleteTextView: void setDropDownBackgroundTint(int)
com.google.android.material.textfield.TextInputLayout: void setStartIconVisible(boolean)
androidx.appcompat.widget.SwitchCompat: void setTextOffInternal(java.lang.CharSequence)
androidx.core.widget.PopupWindowCompat$Api23Impl: int getWindowLayoutType(android.widget.PopupWindow)
androidx.preference.DialogPreference: DialogPreference(android.content.Context,android.util.AttributeSet)
com.google.android.material.textfield.TextInputLayout: void setPlaceholderTextColor(android.content.res.ColorStateList)
com.google.android.material.textfield.TextInputLayout: void setErrorTextColor(android.content.res.ColorStateList)
com.google.android.material.chip.Chip: void setBackgroundColor(int)
com.google.android.material.progressindicator.BaseProgressIndicator: void setHideAnimationBehavior(int)
androidx.appcompat.widget.LinearLayoutCompat: void setDividerPadding(int)
androidx.core.view.WindowInsetsCompat$Impl28: boolean equals(java.lang.Object)
androidx.core.view.accessibility.AccessibilityNodeInfoCompat$Api19Impl: androidx.core.view.accessibility.AccessibilityNodeInfoCompat$CollectionItemInfoCompat createCollectionItemInfo(int,int,int,int,boolean)