app/build/outputs/mapping/release/mapping.txt
# compiler: R8
# compiler_version: 8.2.33
# min_api: 26
# common_typos_disable
# {"id":"com.android.tools.r8.mapping","version":"2.2"}
# pg_map_id: 902e5f6
# pg_map_hash: SHA-256 902e5f69dbcfc88ac99adf6ef7c3e9aea04eff6262250f47977f5776dda54335
com.hdcheck.app.MainActivity -> com.hdcheck.app.MainActivity:
# {"id":"sourceFile","fileName":"MainActivity.java"}
    int $r8$clinit -> z
      # {"id":"com.android.tools.r8.synthesized"}
    0:4:void androidx.appcompat.app.AppCompatActivity.<init>():96:96 -> <init>
    0:4:void <init>():23 -> <init>
    5:6:androidx.savedstate.SavedStateRegistry androidx.savedstate.SavedStateRegistryController.getSavedStateRegistry():33:33 -> <init>
    5:6:androidx.savedstate.SavedStateRegistry androidx.activity.ComponentActivity.getSavedStateRegistry():737 -> <init>
      # {"id":"com.android.tools.r8.rewriteFrame","conditions":["throws(Ljava/lang/NullPointerException;)"],"actions":["removeInnerFrames(1)"]}
    5:6:void androidx.appcompat.app.AppCompatActivity.initDelegate():118 -> <init>
    5:6:void androidx.appcompat.app.AppCompatActivity.<init>():97 -> <init>
    5:6:void <init>():23 -> <init>
    7:16:void androidx.appcompat.app.AppCompatActivity.initDelegate():118:118 -> <init>
    7:16:void androidx.appcompat.app.AppCompatActivity.<init>():97 -> <init>
    7:16:void <init>():23 -> <init>
    17:25:void androidx.appcompat.app.AppCompatActivity.initDelegate():128:128 -> <init>
    17:25:void androidx.appcompat.app.AppCompatActivity.<init>():97 -> <init>
    17:25:void <init>():23 -> <init>
    0:5:void onCreate(android.os.Bundle):29:29 -> onCreate
    6:11:void onCreate(android.os.Bundle):30:30 -> onCreate
    12:19:void onCreate(android.os.Bundle):33:33 -> onCreate
com.hdcheck.app.MainActivity$$ExternalSyntheticLambda0 -> s2.a:
# {"id":"sourceFile","fileName":"R8$$SyntheticClass"}
# {"id":"com.android.tools.r8.synthesized"}
    int com.hdcheck.app.MainActivity$$InternalSyntheticLambda$1$19ebdbfb171a17261d280f9c091f6e67f5a0a0faac72dfad0692b3265b516cef$0.$r8$classId -> a
      # {"id":"com.android.tools.r8.synthesized"}
    com.hdcheck.app.MainActivity com.hdcheck.app.MainActivity$$InternalSyntheticLambda$1$19ebdbfb171a17261d280f9c091f6e67f5a0a0faac72dfad0692b3265b516cef$0.f$0 -> b
      # {"id":"com.android.tools.r8.synthesized"}
    0:7:void com.hdcheck.app.MainActivity$$InternalSyntheticLambda$1$19ebdbfb171a17261d280f9c091f6e67f5a0a0faac72dfad0692b3265b516cef$0.<init>(com.hdcheck.app.MainActivity):0:0 -> <init>
    0:7:void com.hdcheck.app.MainActivity$$InternalSyntheticLambda$1$19ebdbfb171a17261d280f9c091f6e67f5a0a0faac72dfad0692b3265b516cef$0.$r8$init$synthetic(com.hdcheck.app.MainActivity,int):0 -> <init>
      # {"id":"com.android.tools.r8.synthesized"}
    9:12:void com.hdcheck.app.MainActivity.lambda$showConfigureSuDialog$4(android.content.DialogInterface,int):93:93 -> onClick
    9:12:void com.hdcheck.app.MainActivity$$InternalSyntheticLambda$1$19ebdbfb171a17261d280f9c091f6e67f5a0a0faac72dfad0692b3265b516cef$0.onClick$bridge(android.content.DialogInterface,int):0 -> onClick
      # {"id":"com.android.tools.r8.synthesized"}
...
androidx.fragment.app.FragmentController -> R8$$REMOVED$$CLASS$$232:
# {"id":"sourceFile","fileName":"FragmentController.java"}
androidx.fragment.app.FragmentFactory -> R8$$REMOVED$$CLASS$$233:
# {"id":"sourceFile","fileName":"FragmentFactory.java"}
androidx.fragment.app.FragmentHostCallback -> R8$$REMOVED$$CLASS$$234:
# {"id":"sourceFile","fileName":"FragmentHostCallback.java"}
androidx.fragment.app.FragmentLayoutInflaterFactory -> y0.e0:
# {"id":"sourceFile","fileName":"FragmentLayoutInflaterFactory.java"}
    androidx.fragment.app.FragmentManager mFragmentManager -> a
      # {"id":"com.android.tools.r8.residualsignature","signature":"Ly0/q0;"}
    0:5:void <init>(androidx.fragment.app.FragmentManager):37:37 -> <init>
      # {"id":"com.android.tools.r8.residualsignature","signature":"(Ly0/q0;)V"}
    1:1:android.view.View onCreateView(java.lang.String,android.content.Context,android.util.AttributeSet):45:45 -> onCreateView
    2:3:android.view.View onCreateView(android.view.View,java.lang.String,android.content.Context,android.util.AttributeSet):52:53 -> onCreateView
    4:4:android.view.View onCreateView(android.view.View,java.lang.String,android.content.Context,android.util.AttributeSet):56:56 -> onCreateView
    5:6:android.view.View onCreateView(android.view.View,java.lang.String,android.content.Context,android.util.AttributeSet):60:61 -> onCreateView
    7:7:android.view.View onCreateView(android.view.View,java.lang.String,android.content.Context,android.util.AttributeSet):63:63 -> onCreateView
    8:10:android.view.View onCreateView(android.view.View,java.lang.String,android.content.Context,android.util.AttributeSet):65:67 -> onCreateView
    11:11:android.view.View onCreateView(android.view.View,java.lang.String,android.content.Context,android.util.AttributeSet):69:69 -> onCreateView
androidx.fragment.app.FragmentLayoutInflaterFactory$1 -> y0.d0:
# {"id":"sourceFile","fileName":"FragmentLayoutInflaterFactory.java"}
    int $r8$classId -> a
      # {"id":"com.android.tools.r8.synthesized"}
    androidx.fragment.app.FragmentStateManager val$fragmentStateManager -> b
      # {"id":"com.android.tools.r8.residualsignature","signature":"Ly0/v0;"}
    androidx.fragment.app.FragmentLayoutInflaterFactory this$0 -> c
      # {"id":"com.android.tools.r8.residualsignature","signature":"Ljava/lang/Object;"}
    1:1:void androidx.fragment.app.FragmentLayoutInflaterFactory$1.<init>(androidx.fragment.app.FragmentLayoutInflaterFactory,androidx.fragment.app.FragmentStateManager):160:160 -> <init>
    1:1:void $r8$init$synthetic(androidx.fragment.app.FragmentLayoutInflaterFactory,androidx.fragment.app.FragmentStateManager):0 -> <init>
      # {"id":"com.android.tools.r8.synthesized"}
      # {"id":"com.android.tools.r8.residualsignature","signature":"(Ly0/e0;Ly0/v0;)V"}
    2:2:void androidx.fragment.app.FragmentStateManager$1.<init>(androidx.fragment.app.FragmentStateManager,android.view.View):576:576 -> <init>
    2:2:void $r8$init$synthetic(androidx.fragment.app.FragmentStateManager,android.view.View):0 -> <init>
      # {"id":"com.android.tools.r8.synthesized"}
      # {"id":"com.android.tools.r8.residualsignature","signature":"(Ly0/v0;Landroid/view/View;)V"}
androidx.fragment.app.FragmentLifecycleCallbacksDispatcher -> R8$$REMOVED$$CLASS$$235:
# {"id":"sourceFile","fileName":"FragmentLifecycleCallbacksDispatcher.java"}
androidx.fragment.app.FragmentManager -> R8$$REMOVED$$CLASS$$242:
# {"id":"sourceFile","fileName":"FragmentManager.java"}