app/build/outputs/mapping/release/usage.txt
com.hdcheck.app.R$color
com.hdcheck.app.R$drawable
com.hdcheck.app.R$id:
    public static int intervalLayout
    public static int nav_disk_health
    public static int nav_graph
    public static int nav_io_monitor
    public static int topBar
    private void <init>()
com.hdcheck.app.R$layout:
    private void <init>()
com.hdcheck.app.R$menu
com.hdcheck.app.R$mipmap
com.hdcheck.app.R$navigation
com.hdcheck.app.R$string:
    public static int app_name
    public static int btn_check_health
    public static int btn_refresh
    public static int btn_start_monitor
    public static int btn_stop_monitor
    public static int chip_accum_read
    public static int chip_accum_write
    public static int chip_speed_read
    public static int chip_speed_write
    public static int header_accum_read
    public static int header_accum_write
    public static int header_app
    public static int header_speed_read
    public static int header_speed_write
    public static int hint_interval
    public static int label_block_device
    public static int label_health_desc_path
    public static int label_life_a
    public static int label_life_b
    public static int label_pre_eol
    public static int label_refresh_interval
    public static int label_seconds
    public static int label_sort_by
    public static int label_total_read
    public static int label_total_write
    public static int nav_disk_health
    public static int nav_io_monitor
    private void <init>()
com.hdcheck.app.R$style
com.hdcheck.app.R
com.hdcheck.app.databinding.ActivityMainBinding
com.hdcheck.app.databinding.FragmentDiskHealthBinding
com.hdcheck.app.databinding.FragmentIoMonitorBinding
com.hdcheck.app.databinding.ItemAppRowBinding
com.hdcheck.app.model.UidIoStat:
    public long totalIo()
com.hdcheck.app.service.DiskHealthRepository:
    private static final java.lang.String TAG
com.hdcheck.app.service.IOMonitorRepository:
    private static final java.lang.String CMD_PACKAGES
    private static final java.lang.String CMD_STATS
    private static final java.lang.String TAG
com.hdcheck.app.service.RootShell:
    private static final java.lang.String TAG
    private void <init>()
com.hdcheck.app.ui.DiskHealthFragment:
    private static final java.lang.String TAG
com.hdcheck.app.ui.IOMonitorFragment:
    private static final java.lang.String TAG
com.hdcheck.app.util.HumanReadable:
    private void <init>()
com.hdcheck.app.util.PackageResolver:
    public void clear()
    public void preloadLabels(java.lang.Iterable)
com.hdcheck.app.util.RootChecker:
    private static final java.lang.String DEFAULT_SU
    private static final java.lang.String KEY_CUSTOM_SU
    private static final java.lang.String PREFS_NAME
    private void <init>()
    public static com.topjohnwu.superuser.Shell$Result exec(java.lang.String)
    public static boolean isRootAvailable()
com.hdcheck.app.viewmodel.DiskHealthViewModel:
    private static final java.lang.String TAG
com.hdcheck.app.viewmodel.IOMonitorViewModel:
    private static final int DEFAULT_INTERVAL_MS
    private static final int MAX_INTERVAL_MS
    private static final int MIN_INTERVAL_MS
    private static final java.lang.String TAG
com.hdcheck.app.MainActivity$$InternalSyntheticLambda$1$19ebdbfb171a17261d280f9c091f6e67f5a0a0faac72dfad0692b3265b516cef$1
com.hdcheck.app.MainActivity$$InternalSyntheticLambda$1$19ebdbfb171a17261d280f9c091f6e67f5a0a0faac72dfad0692b3265b516cef$2
com.hdcheck.app.MainActivity$$InternalSyntheticLambda$2$cfd342780d4f06f808d714b1d2094742b92ecbaae4a4a4959fe6f79e67084c83$1
...
kotlin.time.DurationUnit
kotlin.time.DurationUnitKt
kotlin.time.DurationUnitKt__DurationUnitJvmKt$WhenMappings
kotlin.time.DurationUnitKt__DurationUnitJvmKt
kotlin.time.DurationUnitKt__DurationUnitKt$WhenMappings
kotlin.time.DurationUnitKt__DurationUnitKt
kotlin.time.ExperimentalTime
kotlin.time.LongSaturatedMathKt
kotlin.time.MeasureTimeKt
kotlin.time.MonoTimeSourceKt
kotlin.time.MonotonicTimeSource
kotlin.time.TestTimeSource
kotlin.time.TimeMark$DefaultImpls
kotlin.time.TimeMark
kotlin.time.TimeSource$Companion
kotlin.time.TimeSource$Monotonic$ValueTimeMark
kotlin.time.TimeSource$Monotonic
kotlin.time.TimeSource$WithComparableMarks
kotlin.time.TimeSource
kotlin.time.TimedValue
kotlin.time.jdk8.DurationConversionsJDK8Kt
kotlinx.coroutines.AbstractCoroutine
kotlinx.coroutines.AbstractTimeSource
kotlinx.coroutines.AbstractTimeSourceKt
kotlinx.coroutines.Active
kotlinx.coroutines.AwaitAll$AwaitAllNode
kotlinx.coroutines.AwaitAll$DisposeHandlersOnCancel
kotlinx.coroutines.AwaitAll
kotlinx.coroutines.AwaitKt$joinAll$1
kotlinx.coroutines.AwaitKt$joinAll$3
kotlinx.coroutines.AwaitKt
kotlinx.coroutines.BlockingCoroutine
kotlinx.coroutines.BlockingEventLoop
kotlinx.coroutines.BuildersKt
kotlinx.coroutines.BuildersKt__BuildersKt
kotlinx.coroutines.BuildersKt__Builders_commonKt
kotlinx.coroutines.CancelFutureOnCancel
kotlinx.coroutines.CancelFutureOnCompletion
kotlinx.coroutines.CancelHandler
kotlinx.coroutines.CancelHandlerBase
kotlinx.coroutines.CancellableContinuation$DefaultImpls
kotlinx.coroutines.CancellableContinuation
kotlinx.coroutines.CancellableContinuationImpl
kotlinx.coroutines.CancellableContinuationImplKt
kotlinx.coroutines.CancellableContinuationKt
kotlinx.coroutines.CancelledContinuation
kotlinx.coroutines.ChildContinuation
kotlinx.coroutines.ChildHandle$DefaultImpls
kotlinx.coroutines.ChildHandle
kotlinx.coroutines.ChildHandleNode
kotlinx.coroutines.ChildJob$DefaultImpls
kotlinx.coroutines.ChildJob
kotlinx.coroutines.CompletableDeferred$DefaultImpls
kotlinx.coroutines.CompletableDeferred
kotlinx.coroutines.CompletableDeferredImpl
kotlinx.coroutines.CompletableDeferredKt
kotlinx.coroutines.CompletableJob$DefaultImpls
kotlinx.coroutines.CompletableJob
kotlinx.coroutines.CompletedContinuation
kotlinx.coroutines.CompletedExceptionally
kotlinx.coroutines.CompletedWithCancellation
kotlinx.coroutines.CompletionHandlerBase
kotlinx.coroutines.CompletionHandlerException
kotlinx.coroutines.CompletionHandlerKt
kotlinx.coroutines.CompletionHandler_commonKt
kotlinx.coroutines.CompletionStateKt
kotlinx.coroutines.CopyableThreadContextElement$DefaultImpls
kotlinx.coroutines.CopyableThreadContextElement
kotlinx.coroutines.CopyableThrowable
kotlinx.coroutines.CoroutineContextKt$foldCopies$1
kotlinx.coroutines.CoroutineContextKt$foldCopies$folded$1
kotlinx.coroutines.CoroutineContextKt$hasCopyableElements$1
kotlinx.coroutines.CoroutineContextKt
kotlinx.coroutines.CoroutineDispatcher$Key$1
kotlinx.coroutines.CoroutineDispatcher$Key
kotlinx.coroutines.CoroutineDispatcher
kotlinx.coroutines.CoroutineExceptionHandler$DefaultImpls
kotlinx.coroutines.CoroutineExceptionHandler$Key
kotlinx.coroutines.CoroutineExceptionHandler
kotlinx.coroutines.CoroutineExceptionHandlerKt$CoroutineExceptionHandler$1
kotlinx.coroutines.CoroutineExceptionHandlerKt
kotlinx.coroutines.CoroutineId$Key